C51 COMPILER V9.56.0.0   MAIN                                                              06/20/2018 20:08:08 PAGE 1   


C51 COMPILER V9.56.0.0, COMPILATION OF MODULE MAIN
OBJECT MODULE PLACED IN main.OBJ
COMPILER INVOKED BY: D:\Program Files\Keil_v5\C51\BIN\C51.EXE main.c OPTIMIZE(8,SPEED) BROWSE DEBUG OBJECTEXTEND TABS(2)

line level    source

   1          #include "nRF24L01.h" 
   2            
   3          uchar TX_ADDRESS[TX_ADR_WIDTH]={0xB2,0x52,0xF4,0x09,0x71}; //发送地址
   4          uchar RX_ADDRESS[RX_ADR_WIDTH]={0xB1,0x51,0xF3,0x08,0x70}; //接收地址
   5          uchar rate = 0x0F;    //2Mbs, 0dB  低噪声增益开启
   6          
   7          sfr ADC_CONTR=0xBC;
   8          sfr ADC_RES=0xBD;
   9          sfr ADC_LOW2=0xBE;
  10          sfr P1ASF=0x9D;
  11          
  12          #define ADC_POWER 0x80
  13          #define ADC_FLAG 0x10
  14          #define ADC_START 0x08
  15          #define ADC_SPEEDLL 0x00
  16          #define ADC_SPEEDL 0x20
  17          #define ADC_SPEEDH 0x40
  18          #define ADC_SPEEDHH 0x60
  19          
  20          sbit LED=P2^6;                  //信号小灯泡
  21          uchar rece_buf[3];              //发送寄存器
  22          uchar tece_buf[2];              //接收寄存器
  23          
  24          sbit RS=P1^0;
  25          sbit RW=P1^1;
  26          sbit E=P1^2;
  27          
  28          void delay(uint t)
  29          {
  30   1        uint a,b;
  31   1        for(a=0;a<t;a++)
  32   1          for (b=0;b<255;b++);
  33   1      }
  34          
  35          void Delay_ADC(uint n)
  36          {
  37   1        uint x;
  38   1        while(n--)
  39   1        {
  40   2          x=5000;
  41   2          while(x--);
  42   2        }
  43   1      }
  44          
  45          void InitNRF24L01()
  46          {
  47   1        uint i;
  48   1        LED=0;
  49   1        while(NRF24L01_Check());                    //等待检测到NRF24L01，程序才会向下执行
  50   1        NRF24L01_RT_Init(TX_PLOAD_WIDTH,TX_ADDRESS,TX_ADR_WIDTH,RX_ADDRESS,RX_ADR_WIDTH,rate);
  51   1        for(i=0;i<6;i++)
  52   1          {
  53   2            delay(500); 
  54   2            LED=~LED;
  55   2          }
C51 COMPILER V9.56.0.0   MAIN                                                              06/20/2018 20:08:08 PAGE 2   

  56   1        LED=0;
  57   1      }
  58          
  59          void InitADC()
  60          {
  61   1        P1ASF=0x1c;
  62   1        P1=P1|0x1c;
  63   1        ADC_RES=0;
  64   1        ADC_CONTR=ADC_POWER|ADC_SPEEDLL;
  65   1        Delay_ADC(2);
  66   1      }
  67          
  68          void write_command(uchar x)     //写指令函数
  69          {
  70   1        RS=0;
  71   1        RW=0;
  72   1        E=0;
  73   1        P0=x;
  74   1        E=1;
  75   1        delay(25);
  76   1        E=0;
  77   1      }
  78          
  79          void write_date(uchar x)        //写数据函数
  80          {
  81   1        RS=1;
  82   1        RW=0;
  83   1        E=0;
  84   1        P0=x;
  85   1        E=1;
  86   1        delay(25);
  87   1        E=0;
  88   1      }
  89          
  90          void InitLCD1602()      //初始化函数
  91          {
  92   1        write_command(0x38);
  93   1        write_command(0x0c);
  94   1        write_command(0x06);
  95   1        write_command(0x01);
  96   1        write_command(0x80);//初始化LCD1602
  97   1      }
  98          
  99          void Init()
 100          {
 101   1        InitNRF24L01();     //初始化NRF24l01
 102   1        InitADC();          //初始化ADC
 103   1      //  InitLCD1602();      //初始化LCD1602
 104   1      }
 105          
 106          uchar GetADCResult(uchar ch)
 107          {
 108   1        ADC_CONTR=ADC_POWER|ADC_SPEEDLL|ch|ADC_START;
 109   1        _nop_();
 110   1        _nop_();
 111   1        _nop_();
 112   1        _nop_();
 113   1        while(!(ADC_CONTR&ADC_FLAG));
 114   1        ADC_CONTR&=~ADC_FLAG;
 115   1        
 116   1        return ADC_RES;
 117   1      }
C51 COMPILER V9.56.0.0   MAIN                                                              06/20/2018 20:08:08 PAGE 3   

 118          
 119          void TX()
 120          {
 121   1        rece_buf[0]=GetADCResult(3);
 122   1        rece_buf[1]=GetADCResult(4);
 123   1        rece_buf[2]=GetADCResult(5);
 124   1        SEND_BUF(rece_buf);       //发送数据
 125   1      }
 126          
 127          void RX()
 128          {
 129   1        if(NRF_IRQ==0)                          //如果无线模块接收到数据
 130   1        {
 131   2          if(NRF24L01_RxPacket(rece_buf)==0)    //判断是否读取数据
 132   2          {
 133   3            LED=1;
 134   3            write_command(0x80);
 135   3            write_date(tece_buf[0]);
 136   3            write_command(0x80+0x40);
 137   3            write_date(tece_buf[1]);      //第一排显示左轮速度，第二排显示右轮速度
 138   3          }
 139   2        }
 140   1        else
 141   1        {
 142   2          LED=0;
 143   2          InitLCD1602();
 144   2        }
 145   1      }
 146          
 147          void main()
 148          { 
 149   1        Init();                     //初始化
 150   1        while(1)
 151   1        {
 152   2          TX();     //发送数据
 153   2      //    RX();     //接受数据
 154   2        }
 155   1      }


MODULE INFORMATION:   STATIC OVERLAYABLE
   CODE SIZE        =    793    ----
   CONSTANT SIZE    =     10    ----
   XDATA SIZE       =   ----    ----
   PDATA SIZE       =   ----    ----
   DATA SIZE        =     16      33
   IDATA SIZE       =   ----    ----
   BIT SIZE         =   ----    ----
END OF MODULE INFORMATION.


C51 COMPILATION COMPLETE.  0 WARNING(S),  0 ERROR(S)
